{"/home/hogan/Documents/MyFood/codes/js_code/Week12/src/app/express.d.ts": {"path":"/home/hogan/Documents/MyFood/codes/js_code/Week12/src/app/express.d.ts","statementMap":{},"fnMap":{},"branchMap":{},"s":{},"f":{},"b":{}}
,"/home/hogan/Documents/MyFood/codes/js_code/Week12/src/app/index.ts": {"path":"/home/hogan/Documents/MyFood/codes/js_code/Week12/src/app/index.ts","statementMap":{"0":{"start":{"line":1,"column":0},"end":{"line":1,"column":29}},"1":{"start":{"line":2,"column":0},"end":{"line":2,"column":40}},"2":{"start":{"line":3,"column":0},"end":{"line":3,"column":48}},"3":{"start":{"line":4,"column":0},"end":{"line":4,"column":36}},"4":{"start":{"line":5,"column":0},"end":{"line":5,"column":50}},"5":{"start":{"line":8,"column":12},"end":{"line":8,"column":21}},"6":{"start":{"line":10,"column":0},"end":{"line":10,"column":null}},"7":{"start":{"line":11,"column":0},"end":{"line":11,"column":null}},"8":{"start":{"line":12,"column":0},"end":{"line":12,"column":null}},"9":{"start":{"line":15,"column":13},"end":{"line":15,"column":37}},"10":{"start":{"line":16,"column":21},"end":{"line":25,"column":null}},"11":{"start":{"line":16,"column":32},"end":{"line":25,"column":null}},"12":{"start":{"line":17,"column":4},"end":{"line":24,"column":null}},"13":{"start":{"line":18,"column":8},"end":{"line":18,"column":null}},"14":{"start":{"line":19,"column":8},"end":{"line":21,"column":null}},"15":{"start":{"line":20,"column":12},"end":{"line":20,"column":65}},"16":{"start":{"line":23,"column":8},"end":{"line":23,"column":null}},"17":{"start":{"line":16,"column":13},"end":{"line":16,"column":21}},"18":{"start":{"line":27,"column":0},"end":{"line":27,"column":null}}},"fnMap":{"0":{"name":"(anonymous_8)","decl":{"start":{"line":16,"column":21},"end":{"line":16,"column":30}},"loc":{"start":{"line":16,"column":32},"end":{"line":25,"column":null}}},"1":{"name":"(anonymous_9)","decl":{"start":{"line":16,"column":32},"end":{"line":16,"column":null}},"loc":{"start":{"line":16,"column":32},"end":{"line":25,"column":1}}},"2":{"name":"(anonymous_10)","decl":{"start":{"line":19,"column":25},"end":{"line":19,"column":28}},"loc":{"start":{"line":20,"column":12},"end":{"line":20,"column":65}}}},"branchMap":{"0":{"loc":{"start":{"line":15,"column":13},"end":{"line":15,"column":37}},"type":"binary-expr","locations":[{"start":{"line":15,"column":13},"end":{"line":15,"column":29}},{"start":{"line":15,"column":33},"end":{"line":15,"column":37}}]}},"s":{"0":0,"1":0,"2":0,"3":0,"4":0,"5":0,"6":0,"7":0,"8":0,"9":0,"10":0,"11":0,"12":0,"13":0,"14":0,"15":0,"16":0,"17":0,"18":0},"f":{"0":0,"1":0,"2":0},"b":{"0":[0,0]}}
,"/home/hogan/Documents/MyFood/codes/js_code/Week12/src/app/controllers/eventController.ts": {"path":"/home/hogan/Documents/MyFood/codes/js_code/Week12/src/app/controllers/eventController.ts","statementMap":{"0":{"start":{"line":1,"column":0},"end":{"line":1,"column":34}},"1":{"start":{"line":3,"column":0},"end":{"line":3,"column":77}},"2":{"start":{"line":4,"column":0},"end":{"line":4,"column":47}},"3":{"start":{"line":6,"column":24},"end":{"line":10,"column":null}},"4":{"start":{"line":12,"column":27},"end":{"line":39,"column":null}},"5":{"start":{"line":12,"column":65},"end":{"line":39,"column":null}},"6":{"start":{"line":13,"column":4},"end":{"line":38,"column":null}},"7":{"start":{"line":14,"column":23},"end":{"line":14,"column":35}},"8":{"start":{"line":15,"column":43},"end":{"line":15,"column":51}},"9":{"start":{"line":16,"column":28},"end":{"line":16,"column":64}},"10":{"start":{"line":17,"column":8},"end":{"line":23,"column":null}},"11":{"start":{"line":18,"column":12},"end":{"line":22,"column":null}},"12":{"start":{"line":24,"column":22},"end":{"line":24,"column":76}},"13":{"start":{"line":25,"column":8},"end":{"line":30,"column":null}},"14":{"start":{"line":32,"column":8},"end":{"line":37,"column":null}},"15":{"start":{"line":33,"column":30},"end":{"line":33,"column":44}},"16":{"start":{"line":34,"column":12},"end":{"line":34,"column":null}},"17":{"start":{"line":36,"column":12},"end":{"line":36,"column":null}},"18":{"start":{"line":12,"column":13},"end":{"line":12,"column":27}},"19":{"start":{"line":41,"column":24},"end":{"line":68,"column":null}},"20":{"start":{"line":41,"column":62},"end":{"line":68,"column":null}},"21":{"start":{"line":42,"column":4},"end":{"line":67,"column":null}},"22":{"start":{"line":43,"column":43},"end":{"line":43,"column":51}},"23":{"start":{"line":44,"column":8},"end":{"line":48,"column":null}},"24":{"start":{"line":45,"column":12},"end":{"line":47,"column":null}},"25":{"start":{"line":49,"column":22},"end":{"line":52,"column":10}},"26":{"start":{"line":53,"column":8},"end":{"line":55,"column":null}},"27":{"start":{"line":54,"column":12},"end":{"line":54,"column":null}},"28":{"start":{"line":56,"column":8},"end":{"line":56,"column":null}},"29":{"start":{"line":58,"column":8},"end":{"line":66,"column":null}},"30":{"start":{"line":59,"column":30},"end":{"line":59,"column":44}},"31":{"start":{"line":60,"column":12},"end":{"line":60,"column":null}},"32":{"start":{"line":61,"column":15},"end":{"line":66,"column":null}},"33":{"start":{"line":62,"column":30},"end":{"line":62,"column":44}},"34":{"start":{"line":63,"column":12},"end":{"line":63,"column":null}},"35":{"start":{"line":65,"column":12},"end":{"line":65,"column":null}},"36":{"start":{"line":41,"column":13},"end":{"line":41,"column":24}},"37":{"start":{"line":70,"column":28},"end":{"line":96,"column":null}},"38":{"start":{"line":70,"column":66},"end":{"line":96,"column":null}},"39":{"start":{"line":71,"column":4},"end":{"line":95,"column":null}},"40":{"start":{"line":72,"column":30},"end":{"line":72,"column":38}},"41":{"start":{"line":73,"column":8},"end":{"line":77,"column":null}},"42":{"start":{"line":74,"column":12},"end":{"line":76,"column":null}},"43":{"start":{"line":78,"column":30},"end":{"line":78,"column":72}},"44":{"start":{"line":79,"column":8},"end":{"line":81,"column":null}},"45":{"start":{"line":80,"column":12},"end":{"line":80,"column":null}},"46":{"start":{"line":82,"column":8},"end":{"line":82,"column":null}},"47":{"start":{"line":84,"column":8},"end":{"line":84,"column":null}},"48":{"start":{"line":86,"column":8},"end":{"line":94,"column":null}},"49":{"start":{"line":87,"column":30},"end":{"line":87,"column":44}},"50":{"start":{"line":88,"column":12},"end":{"line":88,"column":null}},"51":{"start":{"line":89,"column":15},"end":{"line":94,"column":null}},"52":{"start":{"line":90,"column":30},"end":{"line":90,"column":44}},"53":{"start":{"line":91,"column":12},"end":{"line":91,"column":null}},"54":{"start":{"line":93,"column":12},"end":{"line":93,"column":null}},"55":{"start":{"line":70,"column":13},"end":{"line":70,"column":28}},"56":{"start":{"line":98,"column":31},"end":{"line":126,"column":null}},"57":{"start":{"line":101,"column":19},"end":{"line":126,"column":null}},"58":{"start":{"line":102,"column":4},"end":{"line":125,"column":null}},"59":{"start":{"line":103,"column":32},"end":{"line":103,"column":42}},"60":{"start":{"line":104,"column":8},"end":{"line":106,"column":null}},"61":{"start":{"line":105,"column":12},"end":{"line":105,"column":null}},"62":{"start":{"line":107,"column":22},"end":{"line":107,"column":60}},"63":{"start":{"line":108,"column":8},"end":{"line":110,"column":null}},"64":{"start":{"line":109,"column":12},"end":{"line":109,"column":null}},"65":{"start":{"line":111,"column":8},"end":{"line":111,"column":null}},"66":{"start":{"line":113,"column":8},"end":{"line":124,"column":null}},"67":{"start":{"line":114,"column":30},"end":{"line":114,"column":44}},"68":{"start":{"line":115,"column":12},"end":{"line":115,"column":null}},"69":{"start":{"line":116,"column":15},"end":{"line":124,"column":null}},"70":{"start":{"line":117,"column":12},"end":{"line":121,"column":null}},"71":{"start":{"line":123,"column":12},"end":{"line":123,"column":null}},"72":{"start":{"line":98,"column":13},"end":{"line":98,"column":31}},"73":{"start":{"line":128,"column":28},"end":{"line":157,"column":null}},"74":{"start":{"line":128,"column":66},"end":{"line":157,"column":null}},"75":{"start":{"line":129,"column":4},"end":{"line":156,"column":null}},"76":{"start":{"line":130,"column":32},"end":{"line":130,"column":42}},"77":{"start":{"line":131,"column":8},"end":{"line":133,"column":null}},"78":{"start":{"line":132,"column":12},"end":{"line":132,"column":null}},"79":{"start":{"line":134,"column":22},"end":{"line":134,"column":51}},"80":{"start":{"line":135,"column":8},"end":{"line":141,"column":null}},"81":{"start":{"line":136,"column":12},"end":{"line":140,"column":null}},"82":{"start":{"line":142,"column":8},"end":{"line":142,"column":null}},"83":{"start":{"line":144,"column":8},"end":{"line":155,"column":null}},"84":{"start":{"line":145,"column":30},"end":{"line":145,"column":44}},"85":{"start":{"line":146,"column":12},"end":{"line":146,"column":null}},"86":{"start":{"line":147,"column":15},"end":{"line":155,"column":null}},"87":{"start":{"line":148,"column":12},"end":{"line":152,"column":null}},"88":{"start":{"line":154,"column":12},"end":{"line":154,"column":null}},"89":{"start":{"line":128,"column":13},"end":{"line":128,"column":28}}},"fnMap":{"0":{"name":"(anonymous_8)","decl":{"start":{"line":12,"column":27},"end":{"line":12,"column":34}},"loc":{"start":{"line":12,"column":65},"end":{"line":39,"column":null}}},"1":{"name":"(anonymous_9)","decl":{"start":{"line":12,"column":65},"end":{"line":12,"column":null}},"loc":{"start":{"line":12,"column":65},"end":{"line":39,"column":1}}},"2":{"name":"(anonymous_10)","decl":{"start":{"line":41,"column":24},"end":{"line":41,"column":31}},"loc":{"start":{"line":41,"column":62},"end":{"line":68,"column":null}}},"3":{"name":"(anonymous_11)","decl":{"start":{"line":41,"column":62},"end":{"line":41,"column":null}},"loc":{"start":{"line":41,"column":62},"end":{"line":68,"column":1}}},"4":{"name":"(anonymous_12)","decl":{"start":{"line":70,"column":28},"end":{"line":70,"column":35}},"loc":{"start":{"line":70,"column":66},"end":{"line":96,"column":null}}},"5":{"name":"(anonymous_13)","decl":{"start":{"line":70,"column":66},"end":{"line":70,"column":null}},"loc":{"start":{"line":70,"column":66},"end":{"line":96,"column":1}}},"6":{"name":"(anonymous_14)","decl":{"start":{"line":98,"column":31},"end":{"line":98,"column":null}},"loc":{"start":{"line":101,"column":19},"end":{"line":126,"column":null}}},"7":{"name":"(anonymous_15)","decl":{"start":{"line":101,"column":19},"end":{"line":101,"column":null}},"loc":{"start":{"line":101,"column":19},"end":{"line":126,"column":1}}},"8":{"name":"(anonymous_16)","decl":{"start":{"line":128,"column":28},"end":{"line":128,"column":35}},"loc":{"start":{"line":128,"column":66},"end":{"line":157,"column":null}}},"9":{"name":"(anonymous_17)","decl":{"start":{"line":128,"column":66},"end":{"line":128,"column":null}},"loc":{"start":{"line":128,"column":66},"end":{"line":157,"column":1}}}},"branchMap":{"0":{"loc":{"start":{"line":17,"column":8},"end":{"line":23,"column":null}},"type":"if","locations":[{"start":{"line":17,"column":8},"end":{"line":23,"column":null}}]},"1":{"loc":{"start":{"line":32,"column":8},"end":{"line":37,"column":null}},"type":"if","locations":[{"start":{"line":32,"column":8},"end":{"line":37,"column":null}},{"start":{"line":35,"column":15},"end":{"line":37,"column":null}}]},"2":{"loc":{"start":{"line":44,"column":8},"end":{"line":48,"column":null}},"type":"if","locations":[{"start":{"line":44,"column":8},"end":{"line":48,"column":null}}]},"3":{"loc":{"start":{"line":44,"column":12},"end":{"line":44,"column":38}},"type":"binary-expr","locations":[{"start":{"line":44,"column":12},"end":{"line":44,"column":24}},{"start":{"line":44,"column":28},"end":{"line":44,"column":38}}]},"4":{"loc":{"start":{"line":53,"column":8},"end":{"line":55,"column":null}},"type":"if","locations":[{"start":{"line":53,"column":8},"end":{"line":55,"column":null}}]},"5":{"loc":{"start":{"line":58,"column":8},"end":{"line":66,"column":null}},"type":"if","locations":[{"start":{"line":58,"column":8},"end":{"line":66,"column":null}},{"start":{"line":61,"column":15},"end":{"line":66,"column":null}}]},"6":{"loc":{"start":{"line":61,"column":15},"end":{"line":66,"column":null}},"type":"if","locations":[{"start":{"line":61,"column":15},"end":{"line":66,"column":null}},{"start":{"line":64,"column":15},"end":{"line":66,"column":null}}]},"7":{"loc":{"start":{"line":73,"column":8},"end":{"line":77,"column":null}},"type":"if","locations":[{"start":{"line":73,"column":8},"end":{"line":77,"column":null}}]},"8":{"loc":{"start":{"line":79,"column":8},"end":{"line":81,"column":null}},"type":"if","locations":[{"start":{"line":79,"column":8},"end":{"line":81,"column":null}}]},"9":{"loc":{"start":{"line":86,"column":8},"end":{"line":94,"column":null}},"type":"if","locations":[{"start":{"line":86,"column":8},"end":{"line":94,"column":null}},{"start":{"line":89,"column":15},"end":{"line":94,"column":null}}]},"10":{"loc":{"start":{"line":89,"column":15},"end":{"line":94,"column":null}},"type":"if","locations":[{"start":{"line":89,"column":15},"end":{"line":94,"column":null}},{"start":{"line":92,"column":15},"end":{"line":94,"column":null}}]},"11":{"loc":{"start":{"line":104,"column":8},"end":{"line":106,"column":null}},"type":"if","locations":[{"start":{"line":104,"column":8},"end":{"line":106,"column":null}}]},"12":{"loc":{"start":{"line":108,"column":8},"end":{"line":110,"column":null}},"type":"if","locations":[{"start":{"line":108,"column":8},"end":{"line":110,"column":null}}]},"13":{"loc":{"start":{"line":113,"column":8},"end":{"line":124,"column":null}},"type":"if","locations":[{"start":{"line":113,"column":8},"end":{"line":124,"column":null}},{"start":{"line":116,"column":15},"end":{"line":124,"column":null}}]},"14":{"loc":{"start":{"line":116,"column":15},"end":{"line":124,"column":null}},"type":"if","locations":[{"start":{"line":116,"column":15},"end":{"line":124,"column":null}},{"start":{"line":122,"column":15},"end":{"line":124,"column":null}}]},"15":{"loc":{"start":{"line":131,"column":8},"end":{"line":133,"column":null}},"type":"if","locations":[{"start":{"line":131,"column":8},"end":{"line":133,"column":null}}]},"16":{"loc":{"start":{"line":135,"column":8},"end":{"line":141,"column":null}},"type":"if","locations":[{"start":{"line":135,"column":8},"end":{"line":141,"column":null}}]},"17":{"loc":{"start":{"line":144,"column":8},"end":{"line":155,"column":null}},"type":"if","locations":[{"start":{"line":144,"column":8},"end":{"line":155,"column":null}},{"start":{"line":147,"column":15},"end":{"line":155,"column":null}}]},"18":{"loc":{"start":{"line":147,"column":15},"end":{"line":155,"column":null}},"type":"if","locations":[{"start":{"line":147,"column":15},"end":{"line":155,"column":null}},{"start":{"line":153,"column":15},"end":{"line":155,"column":null}}]}},"s":{"0":0,"1":0,"2":0,"3":0,"4":0,"5":0,"6":0,"7":0,"8":0,"9":0,"10":0,"11":0,"12":0,"13":0,"14":0,"15":0,"16":0,"17":0,"18":0,"19":0,"20":0,"21":0,"22":0,"23":0,"24":0,"25":0,"26":0,"27":0,"28":0,"29":0,"30":0,"31":0,"32":0,"33":0,"34":0,"35":0,"36":0,"37":0,"38":0,"39":0,"40":0,"41":0,"42":0,"43":0,"44":0,"45":0,"46":0,"47":0,"48":0,"49":0,"50":0,"51":0,"52":0,"53":0,"54":0,"55":0,"56":0,"57":0,"58":0,"59":0,"60":0,"61":0,"62":0,"63":0,"64":0,"65":0,"66":0,"67":0,"68":0,"69":0,"70":0,"71":0,"72":0,"73":0,"74":0,"75":0,"76":0,"77":0,"78":0,"79":0,"80":0,"81":0,"82":0,"83":0,"84":0,"85":0,"86":0,"87":0,"88":0,"89":0},"f":{"0":0,"1":0,"2":0,"3":0,"4":0,"5":0,"6":0,"7":0,"8":0,"9":0},"b":{"0":[0],"1":[0,0],"2":[0],"3":[0,0],"4":[0],"5":[0,0],"6":[0,0],"7":[0],"8":[0],"9":[0,0],"10":[0,0],"11":[0],"12":[0],"13":[0,0],"14":[0,0],"15":[0],"16":[0],"17":[0,0],"18":[0,0]}}
,"/home/hogan/Documents/MyFood/codes/js_code/Week12/src/app/controllers/userController.ts": {"path":"/home/hogan/Documents/MyFood/codes/js_code/Week12/src/app/controllers/userController.ts","statementMap":{"0":{"start":{"line":1,"column":0},"end":{"line":1,"column":32}},"1":{"start":{"line":3,"column":0},"end":{"line":3,"column":77}},"2":{"start":{"line":4,"column":0},"end":{"line":4,"column":30}},"3":{"start":{"line":6,"column":24},"end":{"line":10,"column":null}},"4":{"start":{"line":12,"column":22},"end":{"line":58,"column":null}},"5":{"start":{"line":12,"column":75},"end":{"line":58,"column":null}},"6":{"start":{"line":13,"column":4},"end":{"line":57,"column":null}},"7":{"start":{"line":23,"column":12},"end":{"line":23,"column":20}},"8":{"start":{"line":24,"column":28},"end":{"line":24,"column":57}},"9":{"start":{"line":25,"column":8},"end":{"line":31,"column":null}},"10":{"start":{"line":26,"column":12},"end":{"line":30,"column":null}},"11":{"start":{"line":32,"column":8},"end":{"line":36,"column":null}},"12":{"start":{"line":33,"column":12},"end":{"line":35,"column":null}},"13":{"start":{"line":37,"column":21},"end":{"line":37,"column":55}},"14":{"start":{"line":38,"column":8},"end":{"line":46,"column":null}},"15":{"start":{"line":48,"column":8},"end":{"line":56,"column":null}},"16":{"start":{"line":49,"column":30},"end":{"line":49,"column":44}},"17":{"start":{"line":50,"column":12},"end":{"line":50,"column":null}},"18":{"start":{"line":51,"column":15},"end":{"line":56,"column":null}},"19":{"start":{"line":52,"column":30},"end":{"line":52,"column":44}},"20":{"start":{"line":53,"column":12},"end":{"line":53,"column":null}},"21":{"start":{"line":55,"column":12},"end":{"line":55,"column":null}},"22":{"start":{"line":12,"column":13},"end":{"line":12,"column":22}},"23":{"start":{"line":60,"column":22},"end":{"line":103,"column":null}},"24":{"start":{"line":60,"column":75},"end":{"line":103,"column":null}},"25":{"start":{"line":61,"column":4},"end":{"line":102,"column":null}},"26":{"start":{"line":62,"column":36},"end":{"line":62,"column":44}},"27":{"start":{"line":64,"column":8},"end":{"line":71,"column":null}},"28":{"start":{"line":65,"column":12},"end":{"line":70,"column":null}},"29":{"start":{"line":72,"column":21},"end":{"line":72,"column":50}},"30":{"start":{"line":73,"column":8},"end":{"line":75,"column":null}},"31":{"start":{"line":74,"column":12},"end":{"line":74,"column":null}},"32":{"start":{"line":76,"column":23},"end":{"line":76,"column":59}},"33":{"start":{"line":77,"column":8},"end":{"line":81,"column":null}},"34":{"start":{"line":78,"column":12},"end":{"line":80,"column":null}},"35":{"start":{"line":82,"column":22},"end":{"line":82,"column":47}},"36":{"start":{"line":84,"column":8},"end":{"line":88,"column":null}},"37":{"start":{"line":90,"column":8},"end":{"line":101,"column":null}},"38":{"start":{"line":91,"column":30},"end":{"line":91,"column":44}},"39":{"start":{"line":92,"column":12},"end":{"line":92,"column":null}},"40":{"start":{"line":93,"column":15},"end":{"line":101,"column":null}},"41":{"start":{"line":94,"column":30},"end":{"line":94,"column":44}},"42":{"start":{"line":95,"column":12},"end":{"line":95,"column":null}},"43":{"start":{"line":96,"column":15},"end":{"line":101,"column":null}},"44":{"start":{"line":97,"column":30},"end":{"line":97,"column":44}},"45":{"start":{"line":98,"column":12},"end":{"line":98,"column":null}},"46":{"start":{"line":100,"column":12},"end":{"line":100,"column":null}},"47":{"start":{"line":60,"column":13},"end":{"line":60,"column":22}},"48":{"start":{"line":105,"column":22},"end":{"line":109,"column":null}},"49":{"start":{"line":105,"column":59},"end":{"line":109,"column":null}},"50":{"start":{"line":106,"column":27},"end":{"line":106,"column":31}},"51":{"start":{"line":107,"column":22},"end":{"line":107,"column":30}},"52":{"start":{"line":108,"column":4},"end":{"line":108,"column":null}}},"fnMap":{"0":{"name":"(anonymous_8)","decl":{"start":{"line":12,"column":22},"end":{"line":12,"column":29}},"loc":{"start":{"line":12,"column":75},"end":{"line":58,"column":null}}},"1":{"name":"(anonymous_9)","decl":{"start":{"line":12,"column":75},"end":{"line":12,"column":null}},"loc":{"start":{"line":12,"column":75},"end":{"line":58,"column":1}}},"2":{"name":"(anonymous_10)","decl":{"start":{"line":60,"column":22},"end":{"line":60,"column":29}},"loc":{"start":{"line":60,"column":75},"end":{"line":103,"column":null}}},"3":{"name":"(anonymous_11)","decl":{"start":{"line":60,"column":75},"end":{"line":60,"column":null}},"loc":{"start":{"line":60,"column":75},"end":{"line":103,"column":1}}},"4":{"name":"(anonymous_12)","decl":{"start":{"line":105,"column":22},"end":{"line":105,"column":29}},"loc":{"start":{"line":105,"column":59},"end":{"line":109,"column":null}}},"5":{"name":"(anonymous_13)","decl":{"start":{"line":105,"column":59},"end":{"line":105,"column":null}},"loc":{"start":{"line":105,"column":59},"end":{"line":109,"column":1}}}},"branchMap":{"0":{"loc":{"start":{"line":25,"column":8},"end":{"line":31,"column":null}},"type":"if","locations":[{"start":{"line":25,"column":8},"end":{"line":31,"column":null}}]},"1":{"loc":{"start":{"line":32,"column":8},"end":{"line":36,"column":null}},"type":"if","locations":[{"start":{"line":32,"column":8},"end":{"line":36,"column":null}}]},"2":{"loc":{"start":{"line":48,"column":8},"end":{"line":56,"column":null}},"type":"if","locations":[{"start":{"line":48,"column":8},"end":{"line":56,"column":null}},{"start":{"line":51,"column":15},"end":{"line":56,"column":null}}]},"3":{"loc":{"start":{"line":51,"column":15},"end":{"line":56,"column":null}},"type":"if","locations":[{"start":{"line":51,"column":15},"end":{"line":56,"column":null}},{"start":{"line":54,"column":15},"end":{"line":56,"column":null}}]},"4":{"loc":{"start":{"line":64,"column":8},"end":{"line":71,"column":null}},"type":"if","locations":[{"start":{"line":64,"column":8},"end":{"line":71,"column":null}}]},"5":{"loc":{"start":{"line":64,"column":12},"end":{"line":64,"column":31}},"type":"binary-expr","locations":[{"start":{"line":64,"column":12},"end":{"line":64,"column":18}},{"start":{"line":64,"column":22},"end":{"line":64,"column":31}}]},"6":{"loc":{"start":{"line":73,"column":8},"end":{"line":75,"column":null}},"type":"if","locations":[{"start":{"line":73,"column":8},"end":{"line":75,"column":null}}]},"7":{"loc":{"start":{"line":77,"column":8},"end":{"line":81,"column":null}},"type":"if","locations":[{"start":{"line":77,"column":8},"end":{"line":81,"column":null}}]},"8":{"loc":{"start":{"line":90,"column":8},"end":{"line":101,"column":null}},"type":"if","locations":[{"start":{"line":90,"column":8},"end":{"line":101,"column":null}},{"start":{"line":93,"column":15},"end":{"line":101,"column":null}}]},"9":{"loc":{"start":{"line":93,"column":15},"end":{"line":101,"column":null}},"type":"if","locations":[{"start":{"line":93,"column":15},"end":{"line":101,"column":null}},{"start":{"line":96,"column":15},"end":{"line":101,"column":null}}]},"10":{"loc":{"start":{"line":96,"column":15},"end":{"line":101,"column":null}},"type":"if","locations":[{"start":{"line":96,"column":15},"end":{"line":101,"column":null}},{"start":{"line":99,"column":15},"end":{"line":101,"column":null}}]}},"s":{"0":0,"1":0,"2":0,"3":0,"4":0,"5":0,"6":0,"7":0,"8":0,"9":0,"10":0,"11":0,"12":0,"13":0,"14":0,"15":0,"16":0,"17":0,"18":0,"19":0,"20":0,"21":0,"22":0,"23":0,"24":0,"25":0,"26":0,"27":0,"28":0,"29":0,"30":0,"31":0,"32":0,"33":0,"34":0,"35":0,"36":0,"37":0,"38":0,"39":0,"40":0,"41":0,"42":0,"43":0,"44":0,"45":0,"46":0,"47":0,"48":0,"49":0,"50":0,"51":0,"52":0},"f":{"0":0,"1":0,"2":0,"3":0,"4":0,"5":0},"b":{"0":[0],"1":[0],"2":[0,0],"3":[0,0],"4":[0],"5":[0,0],"6":[0],"7":[0],"8":[0,0],"9":[0,0],"10":[0,0]}}
,"/home/hogan/Documents/MyFood/codes/js_code/Week12/src/app/db/connect.ts": {"path":"/home/hogan/Documents/MyFood/codes/js_code/Week12/src/app/db/connect.ts","statementMap":{"0":{"start":{"line":1,"column":0},"end":{"line":1,"column":31}},"1":{"start":{"line":3,"column":25},"end":{"line":7,"column":1}},"2":{"start":{"line":4,"column":4},"end":{"line":6,"column":null}},"3":{"start":{"line":3,"column":13},"end":{"line":3,"column":25}}},"fnMap":{"0":{"name":"(anonymous_1)","decl":{"start":{"line":3,"column":25},"end":{"line":3,"column":28}},"loc":{"start":{"line":3,"column":30},"end":{"line":7,"column":1}}}},"branchMap":{},"s":{"0":0,"1":0,"2":0,"3":0},"f":{"0":0},"b":{}}
,"/home/hogan/Documents/MyFood/codes/js_code/Week12/src/app/errors/index.ts": {"path":"/home/hogan/Documents/MyFood/codes/js_code/Week12/src/app/errors/index.ts","statementMap":{"0":{"start":{"line":1,"column":0},"end":{"line":1,"column":9}},"1":{"start":{"line":7,"column":4},"end":{"line":1,"column":42}},"2":{"start":{"line":2,"column":0},"end":{"line":2,"column":9}},"3":{"start":{"line":8,"column":4},"end":{"line":2,"column":55}},"4":{"start":{"line":3,"column":0},"end":{"line":3,"column":9}},"5":{"start":{"line":9,"column":4},"end":{"line":3,"column":54}},"6":{"start":{"line":4,"column":0},"end":{"line":4,"column":9}},"7":{"start":{"line":10,"column":4},"end":{"line":4,"column":51}}},"fnMap":{"0":{"name":"(anonymous_0)","decl":{"start":{"line":7,"column":4},"end":{"line":7,"column":17}},"loc":{"start":{"line":7,"column":4},"end":{"line":1,"column":42}}},"1":{"name":"(anonymous_1)","decl":{"start":{"line":8,"column":4},"end":{"line":8,"column":21}},"loc":{"start":{"line":8,"column":4},"end":{"line":2,"column":55}}},"2":{"name":"(anonymous_2)","decl":{"start":{"line":9,"column":4},"end":{"line":9,"column":23}},"loc":{"start":{"line":9,"column":4},"end":{"line":3,"column":54}}},"3":{"name":"(anonymous_3)","decl":{"start":{"line":10,"column":4},"end":{"line":10,"column":19}},"loc":{"start":{"line":10,"column":4},"end":{"line":4,"column":51}}}},"branchMap":{},"s":{"0":0,"1":0,"2":0,"3":0,"4":0,"5":0,"6":0,"7":0},"f":{"0":0,"1":0,"2":0,"3":0},"b":{}}
,"/home/hogan/Documents/MyFood/codes/js_code/Week12/src/app/errors/internalServer.ts": {"path":"/home/hogan/Documents/MyFood/codes/js_code/Week12/src/app/errors/internalServer.ts","statementMap":{"0":{"start":{"line":1,"column":0},"end":{"line":1,"column":47}},"1":{"start":{"line":9,"column":8},"end":{"line":9,"column":null}},"2":{"start":{"line":10,"column":8},"end":{"line":10,"column":null}},"3":{"start":{"line":11,"column":8},"end":{"line":11,"column":null}},"4":{"start":{"line":12,"column":8},"end":{"line":12,"column":null}},"5":{"start":{"line":16,"column":8},"end":{"line":20,"column":null}},"6":{"start":{"line":3,"column":0},"end":{"line":3,"column":13}}},"fnMap":{"0":{"name":"(anonymous_0)","decl":{"start":{"line":8,"column":4},"end":{"line":8,"column":16}},"loc":{"start":{"line":8,"column":66},"end":{"line":13,"column":5}}},"1":{"name":"(anonymous_1)","decl":{"start":{"line":15,"column":4},"end":{"line":15,"column":10}},"loc":{"start":{"line":15,"column":10},"end":{"line":21,"column":5}}}},"branchMap":{},"s":{"0":0,"1":0,"2":0,"3":0,"4":0,"5":0,"6":0},"f":{"0":0,"1":0},"b":{}}
,"/home/hogan/Documents/MyFood/codes/js_code/Week12/src/app/errors/notFound.ts": {"path":"/home/hogan/Documents/MyFood/codes/js_code/Week12/src/app/errors/notFound.ts","statementMap":{"0":{"start":{"line":1,"column":0},"end":{"line":1,"column":47}},"1":{"start":{"line":9,"column":8},"end":{"line":9,"column":null}},"2":{"start":{"line":10,"column":8},"end":{"line":10,"column":null}},"3":{"start":{"line":11,"column":8},"end":{"line":11,"column":null}},"4":{"start":{"line":12,"column":8},"end":{"line":12,"column":null}},"5":{"start":{"line":16,"column":8},"end":{"line":20,"column":null}},"6":{"start":{"line":3,"column":0},"end":{"line":3,"column":13}}},"fnMap":{"0":{"name":"(anonymous_0)","decl":{"start":{"line":8,"column":4},"end":{"line":8,"column":16}},"loc":{"start":{"line":8,"column":66},"end":{"line":13,"column":5}}},"1":{"name":"(anonymous_1)","decl":{"start":{"line":15,"column":4},"end":{"line":15,"column":10}},"loc":{"start":{"line":15,"column":10},"end":{"line":21,"column":5}}}},"branchMap":{},"s":{"0":0,"1":0,"2":0,"3":0,"4":0,"5":0,"6":0},"f":{"0":0,"1":0},"b":{}}
,"/home/hogan/Documents/MyFood/codes/js_code/Week12/src/app/errors/unauthorizedError.ts": {"path":"/home/hogan/Documents/MyFood/codes/js_code/Week12/src/app/errors/unauthorizedError.ts","statementMap":{"0":{"start":{"line":1,"column":0},"end":{"line":1,"column":47}},"1":{"start":{"line":9,"column":8},"end":{"line":9,"column":null}},"2":{"start":{"line":10,"column":8},"end":{"line":10,"column":null}},"3":{"start":{"line":11,"column":8},"end":{"line":11,"column":null}},"4":{"start":{"line":12,"column":8},"end":{"line":12,"column":null}},"5":{"start":{"line":16,"column":8},"end":{"line":20,"column":null}},"6":{"start":{"line":3,"column":0},"end":{"line":3,"column":13}}},"fnMap":{"0":{"name":"(anonymous_0)","decl":{"start":{"line":8,"column":4},"end":{"line":8,"column":16}},"loc":{"start":{"line":8,"column":66},"end":{"line":13,"column":5}}},"1":{"name":"(anonymous_1)","decl":{"start":{"line":15,"column":4},"end":{"line":15,"column":10}},"loc":{"start":{"line":15,"column":10},"end":{"line":21,"column":5}}}},"branchMap":{},"s":{"0":0,"1":0,"2":0,"3":0,"4":0,"5":0,"6":0},"f":{"0":0,"1":0},"b":{}}
,"/home/hogan/Documents/MyFood/codes/js_code/Week12/src/app/errors/validationError.ts": {"path":"/home/hogan/Documents/MyFood/codes/js_code/Week12/src/app/errors/validationError.ts","statementMap":{"0":{"start":{"line":5,"column":8},"end":{"line":5,"column":null}},"1":{"start":{"line":6,"column":8},"end":{"line":6,"column":null}},"2":{"start":{"line":7,"column":8},"end":{"line":7,"column":null}},"3":{"start":{"line":11,"column":8},"end":{"line":14,"column":null}},"4":{"start":{"line":1,"column":0},"end":{"line":1,"column":13}}},"fnMap":{"0":{"name":"(anonymous_0)","decl":{"start":{"line":4,"column":4},"end":{"line":4,"column":16}},"loc":{"start":{"line":4,"column":63},"end":{"line":8,"column":5}}},"1":{"name":"(anonymous_1)","decl":{"start":{"line":10,"column":4},"end":{"line":10,"column":10}},"loc":{"start":{"line":10,"column":10},"end":{"line":15,"column":5}}}},"branchMap":{},"s":{"0":0,"1":0,"2":0,"3":0,"4":0},"f":{"0":0,"1":0},"b":{}}
,"/home/hogan/Documents/MyFood/codes/js_code/Week12/src/app/middleware/errorHandler.ts": {"path":"/home/hogan/Documents/MyFood/codes/js_code/Week12/src/app/middleware/errorHandler.ts","statementMap":{"0":{"start":{"line":8,"column":8},"end":{"line":8,"column":null}},"1":{"start":{"line":5,"column":15},"end":{"line":5,"column":33}},"2":{"start":{"line":6,"column":15},"end":{"line":6,"column":30}},"3":{"start":{"line":9,"column":8},"end":{"line":9,"column":null}},"4":{"start":{"line":3,"column":0},"end":{"line":3,"column":13}},"5":{"start":{"line":13,"column":31},"end":{"line":24,"column":1}},"6":{"start":{"line":18,"column":23},"end":{"line":18,"column":46}},"7":{"start":{"line":19,"column":20},"end":{"line":19,"column":33}},"8":{"start":{"line":21,"column":4},"end":{"line":23,"column":null}},"9":{"start":{"line":13,"column":13},"end":{"line":13,"column":31}}},"fnMap":{"0":{"name":"(anonymous_0)","decl":{"start":{"line":4,"column":4},"end":{"line":4,"column":null}},"loc":{"start":{"line":6,"column":30},"end":{"line":10,"column":5}}},"1":{"name":"(anonymous_1)","decl":{"start":{"line":13,"column":31},"end":{"line":13,"column":null}},"loc":{"start":{"line":17,"column":4},"end":{"line":24,"column":1}}}},"branchMap":{"0":{"loc":{"start":{"line":18,"column":23},"end":{"line":18,"column":46}},"type":"binary-expr","locations":[{"start":{"line":18,"column":23},"end":{"line":18,"column":39}},{"start":{"line":18,"column":43},"end":{"line":18,"column":46}}]}},"s":{"0":0,"1":0,"2":0,"3":0,"4":0,"5":0,"6":0,"7":0,"8":0,"9":0},"f":{"0":0,"1":0},"b":{"0":[0,0]}}
,"/home/hogan/Documents/MyFood/codes/js_code/Week12/src/app/middleware/joiEvent.ts": {"path":"/home/hogan/Documents/MyFood/codes/js_code/Week12/src/app/middleware/joiEvent.ts","statementMap":{"0":{"start":{"line":1,"column":0},"end":{"line":1,"column":21}},"1":{"start":{"line":3,"column":0},"end":{"line":3,"column":43}},"2":{"start":{"line":5,"column":13},"end":{"line":13,"column":null}},"3":{"start":{"line":15,"column":24},"end":{"line":30,"column":1}},"4":{"start":{"line":16,"column":19},"end":{"line":21,"column":6}},"5":{"start":{"line":23,"column":22},"end":{"line":23,"column":70}},"6":{"start":{"line":24,"column":4},"end":{"line":28,"column":null}},"7":{"start":{"line":25,"column":8},"end":{"line":27,"column":null}},"8":{"start":{"line":29,"column":4},"end":{"line":29,"column":null}},"9":{"start":{"line":15,"column":13},"end":{"line":15,"column":24}}},"fnMap":{"0":{"name":"(anonymous_1)","decl":{"start":{"line":15,"column":24},"end":{"line":15,"column":25}},"loc":{"start":{"line":15,"column":76},"end":{"line":30,"column":1}}}},"branchMap":{"0":{"loc":{"start":{"line":24,"column":4},"end":{"line":28,"column":null}},"type":"if","locations":[{"start":{"line":24,"column":4},"end":{"line":28,"column":null}}]}},"s":{"0":0,"1":0,"2":0,"3":0,"4":0,"5":0,"6":0,"7":0,"8":0,"9":0},"f":{"0":0},"b":{"0":[0]}}
,"/home/hogan/Documents/MyFood/codes/js_code/Week12/src/app/middleware/joiUser.ts": {"path":"/home/hogan/Documents/MyFood/codes/js_code/Week12/src/app/middleware/joiUser.ts","statementMap":{"0":{"start":{"line":1,"column":0},"end":{"line":1,"column":21}},"1":{"start":{"line":3,"column":0},"end":{"line":3,"column":62}},"2":{"start":{"line":5,"column":24},"end":{"line":18,"column":1}},"3":{"start":{"line":6,"column":19},"end":{"line":9,"column":6}},"4":{"start":{"line":11,"column":22},"end":{"line":11,"column":70}},"5":{"start":{"line":12,"column":4},"end":{"line":16,"column":null}},"6":{"start":{"line":13,"column":8},"end":{"line":15,"column":null}},"7":{"start":{"line":17,"column":4},"end":{"line":17,"column":null}},"8":{"start":{"line":5,"column":13},"end":{"line":5,"column":24}},"9":{"start":{"line":20,"column":27},"end":{"line":58,"column":1}},"10":{"start":{"line":25,"column":19},"end":{"line":49,"column":6}},"11":{"start":{"line":51,"column":22},"end":{"line":51,"column":70}},"12":{"start":{"line":52,"column":4},"end":{"line":56,"column":null}},"13":{"start":{"line":53,"column":8},"end":{"line":55,"column":null}},"14":{"start":{"line":57,"column":4},"end":{"line":57,"column":null}},"15":{"start":{"line":20,"column":13},"end":{"line":20,"column":27}}},"fnMap":{"0":{"name":"(anonymous_1)","decl":{"start":{"line":5,"column":24},"end":{"line":5,"column":25}},"loc":{"start":{"line":5,"column":76},"end":{"line":18,"column":1}}},"1":{"name":"(anonymous_2)","decl":{"start":{"line":20,"column":27},"end":{"line":20,"column":null}},"loc":{"start":{"line":24,"column":10},"end":{"line":58,"column":1}}}},"branchMap":{"0":{"loc":{"start":{"line":12,"column":4},"end":{"line":16,"column":null}},"type":"if","locations":[{"start":{"line":12,"column":4},"end":{"line":16,"column":null}}]},"1":{"loc":{"start":{"line":52,"column":4},"end":{"line":56,"column":null}},"type":"if","locations":[{"start":{"line":52,"column":4},"end":{"line":56,"column":null}}]}},"s":{"0":0,"1":0,"2":0,"3":0,"4":0,"5":0,"6":0,"7":0,"8":0,"9":0,"10":0,"11":0,"12":0,"13":0,"14":0,"15":0},"f":{"0":0,"1":0},"b":{"0":[0],"1":[0]}}
,"/home/hogan/Documents/MyFood/codes/js_code/Week12/src/app/middleware/verifyToken.ts": {"path":"/home/hogan/Documents/MyFood/codes/js_code/Week12/src/app/middleware/verifyToken.ts","statementMap":{"0":{"start":{"line":1,"column":0},"end":{"line":1,"column":30}},"1":{"start":{"line":4,"column":13},"end":{"line":4,"column":null}},"2":{"start":{"line":6,"column":27},"end":{"line":35,"column":1}},"3":{"start":{"line":11,"column":4},"end":{"line":33,"column":null}},"4":{"start":{"line":12,"column":27},"end":{"line":12,"column":55}},"5":{"start":{"line":13,"column":22},"end":{"line":13,"column":55}},"6":{"start":{"line":15,"column":8},"end":{"line":19,"column":null}},"7":{"start":{"line":16,"column":12},"end":{"line":18,"column":null}},"8":{"start":{"line":20,"column":24},"end":{"line":20,"column":51}},"9":{"start":{"line":21,"column":8},"end":{"line":23,"column":null}},"10":{"start":{"line":22,"column":12},"end":{"line":22,"column":null}},"11":{"start":{"line":24,"column":8},"end":{"line":24,"column":null}},"12":{"start":{"line":26,"column":8},"end":{"line":32,"column":null}},"13":{"start":{"line":34,"column":4},"end":{"line":34,"column":null}},"14":{"start":{"line":6,"column":13},"end":{"line":6,"column":27}}},"fnMap":{"0":{"name":"(anonymous_1)","decl":{"start":{"line":6,"column":27},"end":{"line":6,"column":null}},"loc":{"start":{"line":10,"column":4},"end":{"line":35,"column":1}}}},"branchMap":{"0":{"loc":{"start":{"line":15,"column":8},"end":{"line":19,"column":null}},"type":"if","locations":[{"start":{"line":15,"column":8},"end":{"line":19,"column":null}}]},"1":{"loc":{"start":{"line":21,"column":8},"end":{"line":23,"column":null}},"type":"if","locations":[{"start":{"line":21,"column":8},"end":{"line":23,"column":null}}]}},"s":{"0":0,"1":0,"2":0,"3":0,"4":0,"5":0,"6":0,"7":0,"8":0,"9":0,"10":0,"11":0,"12":0,"13":0,"14":0},"f":{"0":0},"b":{"0":[0],"1":[0]}}
,"/home/hogan/Documents/MyFood/codes/js_code/Week12/src/app/model/Event.ts": {"path":"/home/hogan/Documents/MyFood/codes/js_code/Week12/src/app/model/Event.ts","statementMap":{"0":{"start":{"line":1,"column":0},"end":{"line":1,"column":43}},"1":{"start":{"line":10,"column":13},"end":{"line":34,"column":null}},"2":{"start":{"line":36,"column":0},"end":{"line":36,"column":null}}},"fnMap":{},"branchMap":{},"s":{"0":2,"1":2,"2":2},"f":{},"b":{}}
,"/home/hogan/Documents/MyFood/codes/js_code/Week12/src/app/model/User.ts": {"path":"/home/hogan/Documents/MyFood/codes/js_code/Week12/src/app/model/User.ts","statementMap":{"0":{"start":{"line":1,"column":0},"end":{"line":1,"column":53}},"1":{"start":{"line":2,"column":0},"end":{"line":2,"column":27}},"2":{"start":{"line":16,"column":43},"end":{"line":52,"column":2}},"3":{"start":{"line":54,"column":0},"end":{"line":57,"column":null}},"4":{"start":{"line":55,"column":17},"end":{"line":55,"column":41}},"5":{"start":{"line":56,"column":4},"end":{"line":56,"column":null}},"6":{"start":{"line":59,"column":0},"end":{"line":64,"column":null}},"7":{"start":{"line":62,"column":20},"end":{"line":62,"column":74}},"8":{"start":{"line":63,"column":4},"end":{"line":63,"column":null}},"9":{"start":{"line":66,"column":0},"end":{"line":66,"column":null}}},"fnMap":{"0":{"name":"(anonymous_8)","decl":{"start":{"line":54,"column":23},"end":{"line":54,"column":null}},"loc":{"start":{"line":54,"column":23},"end":{"line":57,"column":2}}},"1":{"name":"(anonymous_10)","decl":{"start":{"line":59,"column":37},"end":{"line":59,"column":null}},"loc":{"start":{"line":60,"column":29},"end":{"line":64,"column":null}}}},"branchMap":{},"s":{"0":2,"1":2,"2":2,"3":2,"4":0,"5":0,"6":2,"7":0,"8":0,"9":2},"f":{"0":0,"1":0},"b":{}}
,"/home/hogan/Documents/MyFood/codes/js_code/Week12/src/app/routes/eventRoutes.ts": {"path":"/home/hogan/Documents/MyFood/codes/js_code/Week12/src/app/routes/eventRoutes.ts","statementMap":{"0":{"start":{"line":1,"column":0},"end":{"line":1,"column":32}},"1":{"start":{"line":2,"column":0},"end":{"line":2,"column":49}},"2":{"start":{"line":3,"column":0},"end":{"line":3,"column":55}},"3":{"start":{"line":4,"column":0},"end":{"line":4,"column":null}},"4":{"start":{"line":12,"column":13},"end":{"line":12,"column":null}},"5":{"start":{"line":14,"column":0},"end":{"line":19,"column":null}}},"fnMap":{},"branchMap":{},"s":{"0":0,"1":0,"2":0,"3":0,"4":0,"5":0},"f":{},"b":{}}
,"/home/hogan/Documents/MyFood/codes/js_code/Week12/src/app/routes/userRoutes.ts": {"path":"/home/hogan/Documents/MyFood/codes/js_code/Week12/src/app/routes/userRoutes.ts","statementMap":{"0":{"start":{"line":1,"column":0},"end":{"line":1,"column":32}},"1":{"start":{"line":2,"column":0},"end":{"line":2,"column":61}},"2":{"start":{"line":3,"column":0},"end":{"line":3,"column":62}},"3":{"start":{"line":5,"column":13},"end":{"line":5,"column":null}},"4":{"start":{"line":7,"column":0},"end":{"line":9,"column":null}}},"fnMap":{},"branchMap":{},"s":{"0":0,"1":0,"2":0,"3":0,"4":0},"f":{},"b":{}}
}
