TN:
SF:src/app/express.d.ts
FNF:0
FNH:0
LF:0
LH:0
BRF:0
BRH:0
end_of_record
TN:
SF:src/app/index.ts
FN:14,(anonymous_8)
FN:14,(anonymous_9)
FN:17,(anonymous_10)
FNF:3
FNH:0
FNDA:0,(anonymous_8)
FNDA:0,(anonymous_9)
FNDA:0,(anonymous_10)
DA:1,0
DA:2,0
DA:3,0
DA:4,0
DA:5,0
DA:7,0
DA:9,0
DA:10,0
DA:11,0
DA:13,0
DA:14,0
DA:15,0
DA:16,0
DA:17,0
DA:18,0
DA:21,0
DA:25,0
LF:17
LH:0
BRDA:13,0,0,0
BRDA:13,0,1,0
BRF:2
BRH:0
end_of_record
TN:
SF:src/app/controllers/eventController.ts
FN:12,(anonymous_8)
FN:12,(anonymous_9)
FN:41,(anonymous_10)
FN:41,(anonymous_11)
FN:70,(anonymous_12)
FN:70,(anonymous_13)
FN:98,(anonymous_14)
FN:101,(anonymous_15)
FN:128,(anonymous_16)
FN:128,(anonymous_17)
FNF:10
FNH:10
FNDA:1,(anonymous_8)
FNDA:1,(anonymous_9)
FNDA:4,(anonymous_10)
FNDA:4,(anonymous_11)
FNDA:2,(anonymous_12)
FNDA:2,(anonymous_13)
FNDA:1,(anonymous_14)
FNDA:1,(anonymous_15)
FNDA:1,(anonymous_16)
FNDA:1,(anonymous_17)
DA:1,1
DA:3,1
DA:4,1
DA:6,1
DA:12,1
DA:13,1
DA:14,1
DA:15,1
DA:16,1
DA:17,1
DA:18,0
DA:24,1
DA:25,1
DA:32,0
DA:33,0
DA:34,0
DA:36,0
DA:41,4
DA:42,4
DA:43,4
DA:44,4
DA:45,1
DA:49,3
DA:53,3
DA:54,0
DA:56,0
DA:58,4
DA:59,0
DA:60,0
DA:61,4
DA:62,1
DA:63,1
DA:65,3
DA:70,2
DA:71,2
DA:72,2
DA:73,2
DA:74,1
DA:78,1
DA:79,1
DA:80,0
DA:82,0
DA:84,0
DA:86,2
DA:87,0
DA:88,0
DA:89,2
DA:90,1
DA:91,1
DA:93,1
DA:98,1
DA:101,1
DA:102,1
DA:103,1
DA:104,1
DA:105,0
DA:107,1
DA:108,1
DA:109,1
DA:111,0
DA:113,1
DA:114,1
DA:115,1
DA:116,0
DA:117,0
DA:123,0
DA:128,1
DA:129,1
DA:130,1
DA:131,1
DA:132,0
DA:134,1
DA:135,1
DA:136,1
DA:142,0
DA:144,1
DA:145,1
DA:146,1
DA:147,0
DA:148,0
DA:154,0
LF:81
LH:57
BRDA:17,0,0,0
BRDA:32,1,0,0
BRDA:32,1,1,0
BRDA:44,2,0,1
BRDA:44,3,0,4
BRDA:44,3,1,3
BRDA:53,4,0,0
BRDA:58,5,0,0
BRDA:58,5,1,4
BRDA:61,6,0,1
BRDA:61,6,1,3
BRDA:73,7,0,1
BRDA:79,8,0,0
BRDA:86,9,0,0
BRDA:86,9,1,2
BRDA:89,10,0,1
BRDA:89,10,1,1
BRDA:104,11,0,0
BRDA:108,12,0,1
BRDA:113,13,0,1
BRDA:113,13,1,0
BRDA:116,14,0,0
BRDA:116,14,1,0
BRDA:131,15,0,0
BRDA:135,16,0,1
BRDA:144,17,0,1
BRDA:144,17,1,0
BRDA:147,18,0,0
BRDA:147,18,1,0
BRF:29
BRH:14
end_of_record
TN:
SF:src/app/controllers/userController.ts
FN:12,(anonymous_8)
FN:12,(anonymous_9)
FN:60,(anonymous_10)
FN:60,(anonymous_11)
FN:105,(anonymous_12)
FN:105,(anonymous_13)
FNF:6
FNH:4
FNDA:1,(anonymous_8)
FNDA:1,(anonymous_9)
FNDA:1,(anonymous_10)
FNDA:1,(anonymous_11)
FNDA:0,(anonymous_12)
FNDA:0,(anonymous_13)
DA:1,1
DA:3,1
DA:4,1
DA:6,1
DA:12,1
DA:13,1
DA:23,1
DA:24,1
DA:25,1
DA:26,0
DA:32,1
DA:33,0
DA:37,1
DA:38,1
DA:48,0
DA:49,0
DA:50,0
DA:51,0
DA:52,0
DA:53,0
DA:55,0
DA:60,1
DA:61,1
DA:62,1
DA:64,1
DA:65,0
DA:72,1
DA:73,1
DA:74,1
DA:76,0
DA:77,0
DA:78,0
DA:82,0
DA:84,0
DA:90,1
DA:91,0
DA:92,0
DA:93,1
DA:94,0
DA:95,0
DA:96,1
DA:97,1
DA:98,1
DA:100,0
DA:105,1
DA:106,0
DA:107,0
DA:108,0
LF:48
LH:25
BRDA:25,0,0,0
BRDA:32,1,0,0
BRDA:48,2,0,0
BRDA:48,2,1,0
BRDA:51,3,0,0
BRDA:51,3,1,0
BRDA:64,4,0,0
BRDA:64,5,0,1
BRDA:64,5,1,1
BRDA:73,6,0,1
BRDA:77,7,0,0
BRDA:90,8,0,0
BRDA:90,8,1,1
BRDA:93,9,0,0
BRDA:93,9,1,1
BRDA:96,10,0,1
BRDA:96,10,1,0
BRF:17
BRH:6
end_of_record
TN:
SF:src/app/db/connect.ts
FN:4,(anonymous_1)
FNF:1
FNH:1
FNDA:1,(anonymous_1)
DA:1,1
DA:2,1
DA:4,1
DA:5,1
LF:4
LH:4
BRF:0
BRH:0
end_of_record
TN:
SF:src/app/errors/index.ts
FN:7,(anonymous_0)
FN:8,(anonymous_1)
FN:9,(anonymous_2)
FN:10,(anonymous_3)
FNF:4
FNH:4
FNDA:2,(anonymous_0)
FNDA:2,(anonymous_1)
FNDA:2,(anonymous_2)
FNDA:2,(anonymous_3)
DA:1,2
DA:2,2
DA:3,2
DA:4,2
DA:7,4
DA:8,4
DA:9,4
DA:10,4
LF:8
LH:8
BRF:0
BRH:0
end_of_record
TN:
SF:src/app/errors/internalServer.ts
FN:8,(anonymous_0)
FN:15,(anonymous_1)
FNF:2
FNH:0
FNDA:0,(anonymous_0)
FNDA:0,(anonymous_1)
DA:1,2
DA:3,2
DA:9,0
DA:10,0
DA:11,0
DA:12,0
DA:16,0
LF:7
LH:2
BRF:0
BRH:0
end_of_record
TN:
SF:src/app/errors/notFound.ts
FN:8,(anonymous_0)
FN:15,(anonymous_1)
FNF:2
FNH:0
FNDA:0,(anonymous_0)
FNDA:0,(anonymous_1)
DA:1,2
DA:3,2
DA:9,0
DA:10,0
DA:11,0
DA:12,0
DA:16,0
LF:7
LH:2
BRF:0
BRH:0
end_of_record
TN:
SF:src/app/errors/unauthorizedError.ts
FN:8,(anonymous_0)
FN:15,(anonymous_1)
FNF:2
FNH:0
FNDA:0,(anonymous_0)
FNDA:0,(anonymous_1)
DA:1,2
DA:3,2
DA:9,0
DA:10,0
DA:11,0
DA:12,0
DA:16,0
LF:7
LH:2
BRF:0
BRH:0
end_of_record
TN:
SF:src/app/errors/validationError.ts
FN:4,(anonymous_0)
FN:10,(anonymous_1)
FNF:2
FNH:0
FNDA:0,(anonymous_0)
FNDA:0,(anonymous_1)
DA:1,2
DA:5,0
DA:6,0
DA:7,0
DA:11,0
LF:5
LH:1
BRF:0
BRH:0
end_of_record
TN:
SF:src/app/middleware/joiEvent.ts
FN:15,(anonymous_1)
FNF:1
FNH:1
FNDA:2,(anonymous_1)
DA:1,1
DA:3,1
DA:5,1
DA:15,1
DA:16,2
DA:23,0
DA:24,0
DA:25,0
DA:29,0
LF:9
LH:5
BRDA:24,0,0,0
BRF:1
BRH:0
end_of_record
TN:
SF:src/app/middleware/joiUser.ts
FN:5,(anonymous_1)
FN:20,(anonymous_2)
FNF:2
FNH:2
FNDA:1,(anonymous_1)
FNDA:4,(anonymous_2)
DA:1,1
DA:3,1
DA:5,1
DA:6,1
DA:11,0
DA:12,0
DA:13,0
DA:17,0
DA:20,1
DA:25,4
DA:51,0
DA:52,0
DA:53,0
DA:57,0
LF:14
LH:6
BRDA:12,0,0,0
BRDA:52,1,0,0
BRF:2
BRH:0
end_of_record
TN:
SF:src/app/middleware/verifyToken.ts
FN:6,(anonymous_1)
FNF:1
FNH:1
FNDA:2,(anonymous_1)
DA:1,1
DA:4,1
DA:6,1
DA:11,2
DA:12,2
DA:13,2
DA:15,2
DA:16,0
DA:20,2
DA:21,2
DA:22,1
DA:24,1
DA:26,0
DA:32,1
LF:14
LH:12
BRDA:15,0,0,0
BRDA:21,1,0,1
BRF:2
BRH:1
end_of_record
TN:
SF:src/app/model/Event.ts
FNF:0
FNH:0
DA:1,2
DA:10,2
DA:36,2
LF:3
LH:3
BRF:0
BRH:0
end_of_record
TN:
SF:src/app/model/User.ts
FN:54,(anonymous_8)
FN:59,(anonymous_10)
FNF:2
FNH:0
FNDA:0,(anonymous_8)
FNDA:0,(anonymous_10)
DA:1,2
DA:2,2
DA:16,2
DA:54,2
DA:55,0
DA:56,0
DA:59,2
DA:62,0
DA:63,0
DA:66,2
LF:10
LH:6
BRF:0
BRH:0
end_of_record
TN:
SF:src/app/routes/eventRoutes.ts
FNF:0
FNH:0
DA:1,0
DA:2,0
DA:3,0
DA:4,0
DA:12,0
DA:14,0
LF:6
LH:0
BRF:0
BRH:0
end_of_record
TN:
SF:src/app/routes/userRoutes.ts
FNF:0
FNH:0
DA:1,0
DA:2,0
DA:3,0
DA:5,0
DA:7,0
LF:5
LH:0
BRF:0
BRH:0
end_of_record
